<?xml version="1.0" encoding="UTF-8"?>
<!-- Generated by org.testng.reporters.JUnitXMLReporter -->
<testsuite ignored="0" hostname="LAPTOP-VLLNHLMJ" failures="0" tests="4" name="Default test" time="7.262" errors="0" timestamp="2025-05-12T23:46:50 GMT+03:00">
  <testcase classname="AppTest" name="InsertIntoDataBase" time="0.05"/>
  <testcase classname="AppTest" name="UpdateDateBase" time="0.02"/>
  <testcase classname="AppTest" name="ReadDateBase" time="0.937"/>
  <testcase classname="AppTest" name="DeleteDateBase" time="0.015"/>
</testsuite> <!-- Default test -->
